<?xml version="1.0" encoding="UTF-8"?>
<!-- Generated by org.testng.reporters.JUnitXMLReporter -->
<testsuite hostname="UserPC" name="Default test" tests="3" failures="0" timestamp="6 Jan 2017 16:34:05 GMT" time="18.317" errors="0">
  <testcase name="homeTest" time="5.307" classname="com.testing.test.RFDATest"/>
  <testcase name="loginAdminTest" time="3.638" classname="com.testing.test.RFDATest"/>
  <testcase name="adminPageTest" time="2.453" classname="com.testing.test.RFDATest"/>
</testsuite> <!-- Default test -->
